<?xml version="1.0" encoding="utf-8"?><testsuites name="pytest tests"><testsuite name="pytest" errors="0" failures="0" skipped="0" tests="16" time="9.301" timestamp="2026-07-30T00:41:00.081635+00:00" hostname="agent-env-d0599e7e-d9e2-439a-9972-e83c92918b6c"><testcase classname="tests.backend_test" name="test_register_new_user" time="0.418" /><testcase classname="tests.backend_test" name="test_register_duplicate_email" time="0.098" /><testcase classname="tests.backend_test" name="test_login_admin" time="0.335" /><testcase classname="tests.backend_test" name="test_login_bad_password" time="0.332" /><testcase classname="tests.backend_test" name="test_me_endpoint" time="0.111" /><testcase classname="tests.backend_test" name="test_me_no_auth" time="0.100" /><testcase classname="tests.backend_test" name="test_update_profile" time="0.166" /><testcase classname="tests.backend_test" name="test_tracker_stats_reflects_profile" time="0.099" /><testcase classname="tests.backend_test" name="test_tracker_reset" time="0.200" /><testcase classname="tests.backend_test" name="test_journal_create_list_delete" time="0.413" /><testcase classname="tests.backend_test" name="test_goals_crud" time="0.415" /><testcase classname="tests.backend_test" name="test_community_post_like_comment_delete" time="0.694" /><testcase classname="tests.backend_test" name="test_anonymous_post" time="0.211" /><testcase classname="tests.backend_test" name="test_badges" time="0.113" /><testcase classname="tests.backend_test" name="test_chat_stream" time="2.960" /><testcase classname="tests.backend_test" name="test_chat_history" time="2.139" /></testsuite></testsuites>